#
# There is insufficient memory for the Java Runtime Environment to continue.
# Native memory allocation (malloc) failed to allocate 65552 bytes for Chunk::new
# Possible reasons:
#   The system is out of physical RAM or swap space
#   The process is running with CompressedOops enabled, and the Java Heap may be blocking the growth of the native heap
# Possible solutions:
#   Reduce memory load on the system
#   Increase physical memory or swap space
#   Check if swap backing store is full
#   Decrease Java heap size (-Xmx/-Xms)
#   Decrease number of Java threads
#   Decrease Java thread stack sizes (-Xss)
#   Set larger code cache with -XX:ReservedCodeCacheSize=
#   JVM is running with Unscaled Compressed Oops mode in which the Java heap is
#     placed in the first 4GB address space. The Java Heap base address is the
#     maximum limit for the native heap growth. Please use -XX:HeapBaseMinAddress
#     to set the Java Heap base and to place the Java Heap above 4GB virtual address.
# This output file may be truncated or incomplete.
#
#  Out of Memory Error (arena.cpp:184), pid=20940, tid=26912
#
# JRE version: Java(TM) SE Runtime Environment (19.0.2+7) (build 19.0.2+7-44)
# Java VM: Java HotSpot(TM) 64-Bit Server VM (19.0.2+7-44, mixed mode, sharing, tiered, compressed oops, compressed class ptrs, g1 gc, windows-amd64)
# No core dump will be written. Minidumps are not enabled by default on client versions of Windows
#

---------------  S U M M A R Y ------------

Command Line: -Dclassworlds.conf=C:\Program Files\Apache Software Foundation\apache-maven-3.9.8\bin\m2.conf -Dmaven.home=C:\Program Files\Apache Software Foundation\apache-maven-3.9.8 -Dlibrary.jansi.path=C:\Program Files\Apache Software Foundation\apache-maven-3.9.8\lib\jansi-native -Dmaven.multiModuleProjectDirectory=F:\Learning\REPOs\TODO\User-Service org.codehaus.plexus.classworlds.launcher.Launcher clean package -DskipTests

Host: AMD Ryzen 7 5800H with Radeon Graphics         , 16 cores, 5G,  Windows 11 , 64 bit Build 22621 (10.0.22621.5124)
Time: Wed Apr 23 20:13:22 2025 Egypt Standard Time elapsed time: 0.981002 seconds (0d 0h 0m 0s)

---------------  T H R E A D  ---------------

Current thread (0x0000016900b62790):  JavaThread "C2 CompilerThread0" daemon [_thread_in_native, id=26912, stack(0x000000152b400000,0x000000152b500000)]


Current CompileTask:
C2:    981 1180   !   4       sun.nio.cs.StreamDecoder::read (78 bytes)

Stack: [0x000000152b400000,0x000000152b500000]
Native frames: (J=compiled Java code, j=interpreted, Vv=VM code, C=native code)
V  [jvm.dll+0x6ee21a]
V  [jvm.dll+0x85765e]
V  [jvm.dll+0x85904e]
V  [jvm.dll+0x859703]
V  [jvm.dll+0x28298f]
V  [jvm.dll+0xc9adf]
V  [jvm.dll+0xc9e65]
V  [jvm.dll+0xc9c04]
V  [jvm.dll+0x14bd26]
V  [jvm.dll+0x73a989]
V  [jvm.dll+0x73b11c]
V  [jvm.dll+0x7399af]
V  [jvm.dll+0x1edfe1]
V  [jvm.dll+0x24c52b]
V  [jvm.dll+0x24b781]
V  [jvm.dll+0x1d6ce1]
V  [jvm.dll+0x25b25a]
V  [jvm.dll+0x2596e8]
V  [jvm.dll+0x807588]
V  [jvm.dll+0x80125a]
V  [jvm.dll+0x6ecf0b]
C  [ucrtbase.dll+0x29333]
C  [KERNEL32.DLL+0x1259d]
C  [ntdll.dll+0x5af38]


---------------  P R O C E S S  ---------------

Threads class SMR info:
_java_thread_list=0x00000169052d2530, length=17, elements={
0x0000016960bb4930, 0x0000016900b474b0, 0x0000016900b482a0, 0x0000016900b50650,
0x0000016900b51f90, 0x0000016900b52cd0, 0x0000016900b56b00, 0x0000016900b62790,
0x0000016900b63100, 0x0000016900b65a80, 0x0000016904ddf5a0, 0x0000016904df2d90,
0x0000016904e18b80, 0x0000016905037650, 0x00000169052ebea0, 0x0000016905315650,
0x000001690531a620
}

Java Threads: ( => current thread )
  0x0000016960bb4930 JavaThread "main" [_thread_in_Java, id=26140, stack(0x000000152a700000,0x000000152a800000)]
  0x0000016900b474b0 JavaThread "Reference Handler" daemon [_thread_blocked, id=18736, stack(0x000000152ae00000,0x000000152af00000)]
  0x0000016900b482a0 JavaThread "Finalizer" daemon [_thread_blocked, id=6964, stack(0x000000152af00000,0x000000152b000000)]
  0x0000016900b50650 JavaThread "Signal Dispatcher" daemon [_thread_blocked, id=25292, stack(0x000000152b000000,0x000000152b100000)]
  0x0000016900b51f90 JavaThread "Attach Listener" daemon [_thread_blocked, id=28768, stack(0x000000152b100000,0x000000152b200000)]
  0x0000016900b52cd0 JavaThread "Service Thread" daemon [_thread_blocked, id=29072, stack(0x000000152b200000,0x000000152b300000)]
  0x0000016900b56b00 JavaThread "Monitor Deflation Thread" daemon [_thread_blocked, id=20124, stack(0x000000152b300000,0x000000152b400000)]
=>0x0000016900b62790 JavaThread "C2 CompilerThread0" daemon [_thread_in_native, id=26912, stack(0x000000152b400000,0x000000152b500000)]
  0x0000016900b63100 JavaThread "C1 CompilerThread0" daemon [_thread_blocked, id=9824, stack(0x000000152b500000,0x000000152b600000)]
  0x0000016900b65a80 JavaThread "Sweeper thread" daemon [_thread_blocked, id=7916, stack(0x000000152b600000,0x000000152b700000)]
  0x0000016904ddf5a0 JavaThread "C1 CompilerThread1" daemon [_thread_blocked, id=24940, stack(0x000000152b700000,0x000000152b800000)]
  0x0000016904df2d90 JavaThread "Notification Thread" daemon [_thread_blocked, id=11912, stack(0x000000152b800000,0x000000152b900000)]
  0x0000016904e18b80 JavaThread "Common-Cleaner" daemon [_thread_blocked, id=30564, stack(0x000000152ba00000,0x000000152bb00000)]
  0x0000016905037650 JavaThread "cleanup" daemon [_thread_in_native, id=26832, stack(0x000000152bb00000,0x000000152bc00000)]
  0x00000169052ebea0 JavaThread "C1 CompilerThread2" daemon [_thread_blocked, id=29392, stack(0x000000152bc00000,0x000000152bd00000)]
  0x0000016905315650 JavaThread "C2 CompilerThread1" daemon [_thread_in_native, id=17632, stack(0x000000152bd00000,0x000000152be00000)]
  0x000001690531a620 JavaThread "C1 CompilerThread3" daemon [_thread_blocked, id=10928, stack(0x000000152be00000,0x000000152bf00000)]

Other Threads:
  0x0000016900b30960 VMThread "VM Thread" [stack: 0x000000152ad00000,0x000000152ae00000] [id=30360]
  0x0000016904e17f10 WatcherThread "VM Periodic Task Thread" [stack: 0x000000152b900000,0x000000152ba00000] [id=16956]
  0x0000016960c06d40 WorkerThread "GC Thread#0" [stack: 0x000000152a800000,0x000000152a900000] [id=28360]
  0x000001690523b750 WorkerThread "GC Thread#1" [stack: 0x000000152bf00000,0x000000152c000000] [id=27300]
  0x000001690523c830 WorkerThread "GC Thread#2" [stack: 0x000000152c000000,0x000000152c100000] [id=22812]
  0x000001690523c290 WorkerThread "GC Thread#3" [stack: 0x000000152c100000,0x000000152c200000] [id=27824]
  0x000001690523cb00 WorkerThread "GC Thread#4" [stack: 0x000000152c200000,0x000000152c300000] [id=26896]
  0x000001690523ba20 WorkerThread "GC Thread#5" [stack: 0x000000152c300000,0x000000152c400000] [id=15956]
  0x000001690523cdd0 WorkerThread "GC Thread#6" [stack: 0x000000152c400000,0x000000152c500000] [id=13320]
  0x000001690523d0a0 WorkerThread "GC Thread#7" [stack: 0x000000152c500000,0x000000152c600000] [id=13124]
  0x0000016960c14160 ConcurrentGCThread "G1 Main Marker" [stack: 0x000000152a900000,0x000000152aa00000] [id=13552]
  0x0000016960c14b90 WorkerThread "G1 Conc#0" [stack: 0x000000152aa00000,0x000000152ab00000] [id=29836]
  0x00000169009e9500 ConcurrentGCThread "G1 Refine#0" [stack: 0x000000152ab00000,0x000000152ac00000] [id=25404]
  0x0000016960c6e1e0 ConcurrentGCThread "G1 Service" [stack: 0x000000152ac00000,0x000000152ad00000] [id=16640]

Threads with active compile tasks:
C2 CompilerThread0     1019 1180   !   4       sun.nio.cs.StreamDecoder::read (78 bytes)
C2 CompilerThread1     1019 1212       4       sun.nio.cs.StreamDecoder::implRead (243 bytes)

VM state: not at safepoint (normal execution)

VM Mutex/Monitor currently owned by a thread: None

Heap address: 0x00000000a2400000, size: 1500 MB, Compressed Oops mode: 32-bit

CDS archive(s) mapped at: [0x0000000800000000-0x0000000800c40000-0x0000000800c40000), size 12845056, SharedBaseAddress: 0x0000000800000000, ArchiveRelocationMode: 0.
Compressed class space mapped at: 0x0000000801000000-0x0000000841000000, reserved size: 1073741824
Narrow klass base: 0x0000000800000000, Narrow klass shift: 0, Narrow klass range: 0x100000000

GC Precious Log:
 CardTable entry size: 512
 Card Set container configuration: InlinePtr #cards 5 size 8 Array Of Cards #cards 12 size 40 Howl #buckets 4 coarsen threshold 1843 Howl Bitmap #cards 512 size 80 coarsen threshold 460 Card regions per heap region 1 cards per card region 2048
 CPUs: 16 total, 16 available
 Memory: 5996M
 Large Page Support: Disabled
 NUMA Support: Disabled
 Compressed Oops: Enabled (32-bit)
 Heap Region Size: 1M
 Heap Min Capacity: 8M
 Heap Initial Capacity: 94M
 Heap Max Capacity: 1500M
 Pre-touch: Disabled
 Parallel Workers: 13
 Concurrent Workers: 3
 Concurrent Refinement Workers: 13
 Periodic GC: Disabled

Heap:
 garbage-first heap   total 96256K, used 7972K [0x00000000a2400000, 0x0000000100000000)
  region size 1024K, 8 young (8192K), 3 survivors (3072K)
 Metaspace       used 5787K, committed 5952K, reserved 1114112K
  class space    used 665K, committed 768K, reserved 1048576K

Heap Regions: E=young(eden), S=young(survivor), O=old, HS=humongous(starts), HC=humongous(continues), CS=collection set, F=free, OA=open archive, CA=closed archive, TAMS=top-at-mark-start (previous, next)
|   0|0x00000000a2400000, 0x00000000a24c9200, 0x00000000a2500000| 78%| O|  |TAMS 0x00000000a2400000, 0x00000000a2400000| Untracked 
|   1|0x00000000a2500000, 0x00000000a2500000, 0x00000000a2600000|  0%| F|  |TAMS 0x00000000a2500000, 0x00000000a2500000| Untracked 
|   2|0x00000000a2600000, 0x00000000a2600000, 0x00000000a2700000|  0%| F|  |TAMS 0x00000000a2600000, 0x00000000a2600000| Untracked 
|   3|0x00000000a2700000, 0x00000000a2700000, 0x00000000a2800000|  0%| F|  |TAMS 0x00000000a2700000, 0x00000000a2700000| Untracked 
|   4|0x00000000a2800000, 0x00000000a2800000, 0x00000000a2900000|  0%| F|  |TAMS 0x00000000a2800000, 0x00000000a2800000| Untracked 
|   5|0x00000000a2900000, 0x00000000a2900000, 0x00000000a2a00000|  0%| F|  |TAMS 0x00000000a2900000, 0x00000000a2900000| Untracked 
|   6|0x00000000a2a00000, 0x00000000a2a00000, 0x00000000a2b00000|  0%| F|  |TAMS 0x00000000a2a00000, 0x00000000a2a00000| Untracked 
|   7|0x00000000a2b00000, 0x00000000a2b00000, 0x00000000a2c00000|  0%| F|  |TAMS 0x00000000a2b00000, 0x00000000a2b00000| Untracked 
|   8|0x00000000a2c00000, 0x00000000a2c00000, 0x00000000a2d00000|  0%| F|  |TAMS 0x00000000a2c00000, 0x00000000a2c00000| Untracked 
|   9|0x00000000a2d00000, 0x00000000a2d00000, 0x00000000a2e00000|  0%| F|  |TAMS 0x00000000a2d00000, 0x00000000a2d00000| Untracked 
|  10|0x00000000a2e00000, 0x00000000a2e00000, 0x00000000a2f00000|  0%| F|  |TAMS 0x00000000a2e00000, 0x00000000a2e00000| Untracked 
|  11|0x00000000a2f00000, 0x00000000a2f00000, 0x00000000a3000000|  0%| F|  |TAMS 0x00000000a2f00000, 0x00000000a2f00000| Untracked 
|  12|0x00000000a3000000, 0x00000000a3000000, 0x00000000a3100000|  0%| F|  |TAMS 0x00000000a3000000, 0x00000000a3000000| Untracked 
|  13|0x00000000a3100000, 0x00000000a3100000, 0x00000000a3200000|  0%| F|  |TAMS 0x00000000a3100000, 0x00000000a3100000| Untracked 
|  14|0x00000000a3200000, 0x00000000a3200000, 0x00000000a3300000|  0%| F|  |TAMS 0x00000000a3200000, 0x00000000a3200000| Untracked 
|  15|0x00000000a3300000, 0x00000000a3300000, 0x00000000a3400000|  0%| F|  |TAMS 0x00000000a3300000, 0x00000000a3300000| Untracked 
|  16|0x00000000a3400000, 0x00000000a3400000, 0x00000000a3500000|  0%| F|  |TAMS 0x00000000a3400000, 0x00000000a3400000| Untracked 
|  17|0x00000000a3500000, 0x00000000a3500000, 0x00000000a3600000|  0%| F|  |TAMS 0x00000000a3500000, 0x00000000a3500000| Untracked 
|  18|0x00000000a3600000, 0x00000000a3600000, 0x00000000a3700000|  0%| F|  |TAMS 0x00000000a3600000, 0x00000000a3600000| Untracked 
|  19|0x00000000a3700000, 0x00000000a3700000, 0x00000000a3800000|  0%| F|  |TAMS 0x00000000a3700000, 0x00000000a3700000| Untracked 
|  20|0x00000000a3800000, 0x00000000a3800000, 0x00000000a3900000|  0%| F|  |TAMS 0x00000000a3800000, 0x00000000a3800000| Untracked 
|  21|0x00000000a3900000, 0x00000000a3900000, 0x00000000a3a00000|  0%| F|  |TAMS 0x00000000a3900000, 0x00000000a3900000| Untracked 
|  22|0x00000000a3a00000, 0x00000000a3a00000, 0x00000000a3b00000|  0%| F|  |TAMS 0x00000000a3a00000, 0x00000000a3a00000| Untracked 
|  23|0x00000000a3b00000, 0x00000000a3b00000, 0x00000000a3c00000|  0%| F|  |TAMS 0x00000000a3b00000, 0x00000000a3b00000| Untracked 
|  24|0x00000000a3c00000, 0x00000000a3c00000, 0x00000000a3d00000|  0%| F|  |TAMS 0x00000000a3c00000, 0x00000000a3c00000| Untracked 
|  25|0x00000000a3d00000, 0x00000000a3d00000, 0x00000000a3e00000|  0%| F|  |TAMS 0x00000000a3d00000, 0x00000000a3d00000| Untracked 
|  26|0x00000000a3e00000, 0x00000000a3e00000, 0x00000000a3f00000|  0%| F|  |TAMS 0x00000000a3e00000, 0x00000000a3e00000| Untracked 
|  27|0x00000000a3f00000, 0x00000000a3f00000, 0x00000000a4000000|  0%| F|  |TAMS 0x00000000a3f00000, 0x00000000a3f00000| Untracked 
|  28|0x00000000a4000000, 0x00000000a4000000, 0x00000000a4100000|  0%| F|  |TAMS 0x00000000a4000000, 0x00000000a4000000| Untracked 
|  29|0x00000000a4100000, 0x00000000a4100000, 0x00000000a4200000|  0%| F|  |TAMS 0x00000000a4100000, 0x00000000a4100000| Untracked 
|  30|0x00000000a4200000, 0x00000000a4200000, 0x00000000a4300000|  0%| F|  |TAMS 0x00000000a4200000, 0x00000000a4200000| Untracked 
|  31|0x00000000a4300000, 0x00000000a4300000, 0x00000000a4400000|  0%| F|  |TAMS 0x00000000a4300000, 0x00000000a4300000| Untracked 
|  32|0x00000000a4400000, 0x00000000a4400000, 0x00000000a4500000|  0%| F|  |TAMS 0x00000000a4400000, 0x00000000a4400000| Untracked 
|  33|0x00000000a4500000, 0x00000000a4500000, 0x00000000a4600000|  0%| F|  |TAMS 0x00000000a4500000, 0x00000000a4500000| Untracked 
|  34|0x00000000a4600000, 0x00000000a4600000, 0x00000000a4700000|  0%| F|  |TAMS 0x00000000a4600000, 0x00000000a4600000| Untracked 
|  35|0x00000000a4700000, 0x00000000a4700000, 0x00000000a4800000|  0%| F|  |TAMS 0x00000000a4700000, 0x00000000a4700000| Untracked 
|  36|0x00000000a4800000, 0x00000000a4800000, 0x00000000a4900000|  0%| F|  |TAMS 0x00000000a4800000, 0x00000000a4800000| Untracked 
|  37|0x00000000a4900000, 0x00000000a4900000, 0x00000000a4a00000|  0%| F|  |TAMS 0x00000000a4900000, 0x00000000a4900000| Untracked 
|  38|0x00000000a4a00000, 0x00000000a4a00000, 0x00000000a4b00000|  0%| F|  |TAMS 0x00000000a4a00000, 0x00000000a4a00000| Untracked 
|  39|0x00000000a4b00000, 0x00000000a4b00000, 0x00000000a4c00000|  0%| F|  |TAMS 0x00000000a4b00000, 0x00000000a4b00000| Untracked 
|  40|0x00000000a4c00000, 0x00000000a4c00000, 0x00000000a4d00000|  0%| F|  |TAMS 0x00000000a4c00000, 0x00000000a4c00000| Untracked 
|  41|0x00000000a4d00000, 0x00000000a4d00000, 0x00000000a4e00000|  0%| F|  |TAMS 0x00000000a4d00000, 0x00000000a4d00000| Untracked 
|  42|0x00000000a4e00000, 0x00000000a4e00000, 0x00000000a4f00000|  0%| F|  |TAMS 0x00000000a4e00000, 0x00000000a4e00000| Untracked 
|  43|0x00000000a4f00000, 0x00000000a4f00000, 0x00000000a5000000|  0%| F|  |TAMS 0x00000000a4f00000, 0x00000000a4f00000| Untracked 
|  44|0x00000000a5000000, 0x00000000a5000000, 0x00000000a5100000|  0%| F|  |TAMS 0x00000000a5000000, 0x00000000a5000000| Untracked 
|  45|0x00000000a5100000, 0x00000000a5100000, 0x00000000a5200000|  0%| F|  |TAMS 0x00000000a5100000, 0x00000000a5100000| Untracked 
|  46|0x00000000a5200000, 0x00000000a5200000, 0x00000000a5300000|  0%| F|  |TAMS 0x00000000a5200000, 0x00000000a5200000| Untracked 
|  47|0x00000000a5300000, 0x00000000a5300000, 0x00000000a5400000|  0%| F|  |TAMS 0x00000000a5300000, 0x00000000a5300000| Untracked 
|  48|0x00000000a5400000, 0x00000000a5400000, 0x00000000a5500000|  0%| F|  |TAMS 0x00000000a5400000, 0x00000000a5400000| Untracked 
|  49|0x00000000a5500000, 0x00000000a5500000, 0x00000000a5600000|  0%| F|  |TAMS 0x00000000a5500000, 0x00000000a5500000| Untracked 
|  50|0x00000000a5600000, 0x00000000a5600000, 0x00000000a5700000|  0%| F|  |TAMS 0x00000000a5600000, 0x00000000a5600000| Untracked 
|  51|0x00000000a5700000, 0x00000000a5700000, 0x00000000a5800000|  0%| F|  |TAMS 0x00000000a5700000, 0x00000000a5700000| Untracked 
|  52|0x00000000a5800000, 0x00000000a5800000, 0x00000000a5900000|  0%| F|  |TAMS 0x00000000a5800000, 0x00000000a5800000| Untracked 
|  53|0x00000000a5900000, 0x00000000a5900000, 0x00000000a5a00000|  0%| F|  |TAMS 0x00000000a5900000, 0x00000000a5900000| Untracked 
|  54|0x00000000a5a00000, 0x00000000a5a00000, 0x00000000a5b00000|  0%| F|  |TAMS 0x00000000a5a00000, 0x00000000a5a00000| Untracked 
|  55|0x00000000a5b00000, 0x00000000a5b00000, 0x00000000a5c00000|  0%| F|  |TAMS 0x00000000a5b00000, 0x00000000a5b00000| Untracked 
|  56|0x00000000a5c00000, 0x00000000a5c00000, 0x00000000a5d00000|  0%| F|  |TAMS 0x00000000a5c00000, 0x00000000a5c00000| Untracked 
|  57|0x00000000a5d00000, 0x00000000a5d00000, 0x00000000a5e00000|  0%| F|  |TAMS 0x00000000a5d00000, 0x00000000a5d00000| Untracked 
|  58|0x00000000a5e00000, 0x00000000a5e00000, 0x00000000a5f00000|  0%| F|  |TAMS 0x00000000a5e00000, 0x00000000a5e00000| Untracked 
|  59|0x00000000a5f00000, 0x00000000a5f00000, 0x00000000a6000000|  0%| F|  |TAMS 0x00000000a5f00000, 0x00000000a5f00000| Untracked 
|  60|0x00000000a6000000, 0x00000000a6000000, 0x00000000a6100000|  0%| F|  |TAMS 0x00000000a6000000, 0x00000000a6000000| Untracked 
|  61|0x00000000a6100000, 0x00000000a6100000, 0x00000000a6200000|  0%| F|  |TAMS 0x00000000a6100000, 0x00000000a6100000| Untracked 
|  62|0x00000000a6200000, 0x00000000a6200000, 0x00000000a6300000|  0%| F|  |TAMS 0x00000000a6200000, 0x00000000a6200000| Untracked 
|  63|0x00000000a6300000, 0x00000000a6300000, 0x00000000a6400000|  0%| F|  |TAMS 0x00000000a6300000, 0x00000000a6300000| Untracked 
|  64|0x00000000a6400000, 0x00000000a6400000, 0x00000000a6500000|  0%| F|  |TAMS 0x00000000a6400000, 0x00000000a6400000| Untracked 
|  65|0x00000000a6500000, 0x00000000a6500000, 0x00000000a6600000|  0%| F|  |TAMS 0x00000000a6500000, 0x00000000a6500000| Untracked 
|  66|0x00000000a6600000, 0x00000000a6600000, 0x00000000a6700000|  0%| F|  |TAMS 0x00000000a6600000, 0x00000000a6600000| Untracked 
|  67|0x00000000a6700000, 0x00000000a6700000, 0x00000000a6800000|  0%| F|  |TAMS 0x00000000a6700000, 0x00000000a6700000| Untracked 
|  68|0x00000000a6800000, 0x00000000a6900000, 0x00000000a6900000|100%| S|CS|TAMS 0x00000000a6800000, 0x00000000a6800000| Complete 
|  69|0x00000000a6900000, 0x00000000a6a00000, 0x00000000a6a00000|100%| S|CS|TAMS 0x00000000a6900000, 0x00000000a6900000| Complete 
|  70|0x00000000a6a00000, 0x00000000a6b00000, 0x00000000a6b00000|100%| S|CS|TAMS 0x00000000a6a00000, 0x00000000a6a00000| Complete 
|  71|0x00000000a6b00000, 0x00000000a6b00000, 0x00000000a6c00000|  0%| F|  |TAMS 0x00000000a6b00000, 0x00000000a6b00000| Untracked 
|  72|0x00000000a6c00000, 0x00000000a6c00000, 0x00000000a6d00000|  0%| F|  |TAMS 0x00000000a6c00000, 0x00000000a6c00000| Untracked 
|  73|0x00000000a6d00000, 0x00000000a6d00000, 0x00000000a6e00000|  0%| F|  |TAMS 0x00000000a6d00000, 0x00000000a6d00000| Untracked 
|  74|0x00000000a6e00000, 0x00000000a6e00000, 0x00000000a6f00000|  0%| F|  |TAMS 0x00000000a6e00000, 0x00000000a6e00000| Untracked 
|  75|0x00000000a6f00000, 0x00000000a6f00000, 0x00000000a7000000|  0%| F|  |TAMS 0x00000000a6f00000, 0x00000000a6f00000| Untracked 
|  76|0x00000000a7000000, 0x00000000a7000000, 0x00000000a7100000|  0%| F|  |TAMS 0x00000000a7000000, 0x00000000a7000000| Untracked 
|  77|0x00000000a7100000, 0x00000000a7100000, 0x00000000a7200000|  0%| F|  |TAMS 0x00000000a7100000, 0x00000000a7100000| Untracked 
|  78|0x00000000a7200000, 0x00000000a7200000, 0x00000000a7300000|  0%| F|  |TAMS 0x00000000a7200000, 0x00000000a7200000| Untracked 
|  79|0x00000000a7300000, 0x00000000a7300000, 0x00000000a7400000|  0%| F|  |TAMS 0x00000000a7300000, 0x00000000a7300000| Untracked 
|  80|0x00000000a7400000, 0x00000000a7400000, 0x00000000a7500000|  0%| F|  |TAMS 0x00000000a7400000, 0x00000000a7400000| Untracked 
|  81|0x00000000a7500000, 0x00000000a7500000, 0x00000000a7600000|  0%| F|  |TAMS 0x00000000a7500000, 0x00000000a7500000| Untracked 
|  82|0x00000000a7600000, 0x00000000a7600000, 0x00000000a7700000|  0%| F|  |TAMS 0x00000000a7600000, 0x00000000a7600000| Untracked 
|  83|0x00000000a7700000, 0x00000000a7700000, 0x00000000a7800000|  0%| F|  |TAMS 0x00000000a7700000, 0x00000000a7700000| Untracked 
|  84|0x00000000a7800000, 0x00000000a7800000, 0x00000000a7900000|  0%| F|  |TAMS 0x00000000a7800000, 0x00000000a7800000| Untracked 
|  85|0x00000000a7900000, 0x00000000a7900000, 0x00000000a7a00000|  0%| F|  |TAMS 0x00000000a7900000, 0x00000000a7900000| Untracked 
|  86|0x00000000a7a00000, 0x00000000a7a00000, 0x00000000a7b00000|  0%| F|  |TAMS 0x00000000a7a00000, 0x00000000a7a00000| Untracked 
|  87|0x00000000a7b00000, 0x00000000a7b00000, 0x00000000a7c00000|  0%| F|  |TAMS 0x00000000a7b00000, 0x00000000a7b00000| Untracked 
|  88|0x00000000a7c00000, 0x00000000a7c00000, 0x00000000a7d00000|  0%| F|  |TAMS 0x00000000a7c00000, 0x00000000a7c00000| Untracked 
|  89|0x00000000a7d00000, 0x00000000a7dbfe00, 0x00000000a7e00000| 74%| E|  |TAMS 0x00000000a7d00000, 0x00000000a7d00000| Complete 
|  90|0x00000000a7e00000, 0x00000000a7f00000, 0x00000000a7f00000|100%| E|CS|TAMS 0x00000000a7e00000, 0x00000000a7e00000| Complete 
|  91|0x00000000a7f00000, 0x00000000a8000000, 0x00000000a8000000|100%| E|CS|TAMS 0x00000000a7f00000, 0x00000000a7f00000| Complete 
|  92|0x00000000a8000000, 0x00000000a8100000, 0x00000000a8100000|100%| E|CS|TAMS 0x00000000a8000000, 0x00000000a8000000| Complete 
|  93|0x00000000a8100000, 0x00000000a8200000, 0x00000000a8200000|100%| E|CS|TAMS 0x00000000a8100000, 0x00000000a8100000| Complete 

Card table byte_map: [0x000001697a590000,0x000001697a880000] _byte_map_base: 0x000001697a07e000

Marking Bits (Prev, Next): (CMBitMap*) 0x0000016960c07370, (CMBitMap*) 0x0000016960c073b0
 Prev Bits: [0x000001697ab70000, 0x000001697c2e0000)
 Next Bits: [0x000001697c2e0000, 0x000001697da50000)

Polling page: 0x0000016960c70000

Metaspace:

Usage:
  Non-class:      5.01 MB used.
      Class:    669.82 KB used.
       Both:      5.66 MB used.

Virtual space:
  Non-class space:       64.00 MB reserved,       5.06 MB (  8%) committed,  1 nodes.
      Class space:        1.00 GB reserved,     768.00 KB ( <1%) committed,  1 nodes.
             Both:        1.06 GB reserved,       5.81 MB ( <1%) committed. 

Chunk freelists:
   Non-Class:  1.05 MB
       Class:  3.27 MB
        Both:  4.31 MB

MaxMetaspaceSize: unlimited
CompressedClassSpaceSize: 1.00 GB
Initial GC threshold: 21.00 MB
Current GC threshold: 21.00 MB
CDS: on
MetaspaceReclaimPolicy: balanced
 - commit_granule_bytes: 65536.
 - commit_granule_words: 8192.
 - virtual_space_node_default_size: 8388608.
 - enlarge_chunks_in_place: 1.
 - new_chunks_are_fully_committed: 0.
 - uncommit_free_chunks: 1.
 - use_allocation_guard: 0.


Internal statistics:

num_allocs_failed_limit: 0.
num_arena_births: 68.
num_arena_deaths: 0.
num_vsnodes_births: 2.
num_vsnodes_deaths: 0.
num_space_committed: 94.
num_space_uncommitted: 0.
num_chunks_returned_to_freelist: 0.
num_chunks_taken_from_freelist: 237.
num_chunk_merges: 0.
num_chunk_splits: 154.
num_chunks_enlarged: 121.
num_inconsistent_stats: 0.

CodeHeap 'non-profiled nmethods': size=119168Kb used=358Kb max_used=358Kb free=118810Kb
 bounds [0x0000016971e90000, 0x0000016972100000, 0x00000169792f0000]
CodeHeap 'profiled nmethods': size=119104Kb used=2409Kb max_used=2409Kb free=116694Kb
 bounds [0x000001696a2f0000, 0x000001696a560000, 0x0000016971740000]
CodeHeap 'non-nmethods': size=7488Kb used=2935Kb max_used=2959Kb free=4552Kb
 bounds [0x0000016971740000, 0x0000016971a30000, 0x0000016971e90000]
 total_blobs=1666 nmethods=1207 adapters=367
 compilation: enabled
              stopped_count=0, restarted_count=0
 full_count=0

Compilation events (20 events):
Event: 0.956 Thread 0x0000016904ddf5a0 1194       3       org.codehaus.plexus.util.xml.pull.MXParser::getName (84 bytes)
Event: 0.956 Thread 0x0000016900b63100 nmethod 1193 0x0000016971ee6210 code [0x0000016971ee63a0, 0x0000016971ee6458]
Event: 0.956 Thread 0x0000016904ddf5a0 nmethod 1194 0x000001696a534110 code [0x000001696a5342e0, 0x000001696a534688]
Event: 0.957 Thread 0x000001690531a620 nmethod 1191 0x000001696a534810 code [0x000001696a535200, 0x000001696a53ac58]
Event: 0.961 Thread 0x000001690531a620 1205       3       org.codehaus.plexus.util.xml.pull.MXParser::isWhitespace (114 bytes)
Event: 0.961 Thread 0x0000016904ddf5a0 1206       3       org.codehaus.plexus.util.xml.pull.MXParser::ensureElementsCapacity (265 bytes)
Event: 0.961 Thread 0x0000016900b63100 1207       3       java.util.HashMap::isEmpty (13 bytes)
Event: 0.961 Thread 0x00000169052ebea0 1208       3       org.codehaus.plexus.util.xml.pull.MXParser::nextTag (82 bytes)
Event: 0.961 Thread 0x0000016900b63100 nmethod 1207 0x000001696a53d190 code [0x000001696a53d320, 0x000001696a53d498]
Event: 0.961 Thread 0x000001690531a620 nmethod 1205 0x000001696a53d510 code [0x000001696a53d740, 0x000001696a53dfc8]
Event: 0.961 Thread 0x0000016904ddf5a0 nmethod 1206 0x000001696a53e210 code [0x000001696a53e480, 0x000001696a53f568]
Event: 0.961 Thread 0x00000169052ebea0 nmethod 1208 0x000001696a53f890 code [0x000001696a53fb00, 0x000001696a540438]
Event: 0.967 Thread 0x00000169052ebea0 1218       3       org.eclipse.sisu.plexus.PlexusXmlScanner::TEXT (10 bytes)
Event: 0.967 Thread 0x0000016904ddf5a0 1219       3       org.codehaus.plexus.util.xml.pull.MXParser::nextText (103 bytes)
Event: 0.967 Thread 0x00000169052ebea0 nmethod 1218 0x000001696a540790 code [0x000001696a540980, 0x000001696a540d28]
Event: 0.967 Thread 0x0000016904ddf5a0 nmethod 1219 0x000001696a540f10 code [0x000001696a5411e0, 0x000001696a541d98]
Event: 0.969 Thread 0x0000016904ddf5a0 1220       3       java.lang.StringBuilder::charAt (6 bytes)
Event: 0.969 Thread 0x000001690531a620 1221       3       java.lang.AbstractStringBuilder::charAt (36 bytes)
Event: 0.969 Thread 0x0000016904ddf5a0 nmethod 1220 0x000001696a542210 code [0x000001696a5423c0, 0x000001696a542508]
Event: 0.970 Thread 0x000001690531a620 nmethod 1221 0x000001696a542590 code [0x000001696a542760, 0x000001696a542a98]

GC Heap History (0 events):
No events

Dll operation events (8 events):
Event: 0.054 Loaded shared library C:\Program Files\Java\jdk-19\bin\java.dll
Event: 0.224 Loaded shared library C:\Program Files\Java\jdk-19\bin\jsvml.dll
Event: 0.374 Loaded shared library C:\Program Files\Java\jdk-19\bin\net.dll
Event: 0.376 Loaded shared library C:\Program Files\Java\jdk-19\bin\nio.dll
Event: 0.382 Loaded shared library C:\Program Files\Java\jdk-19\bin\zip.dll
Event: 0.547 Loaded shared library C:\Program Files\Java\jdk-19\bin\jimage.dll
Event: 0.549 Loaded shared library C:\Program Files\Apache Software Foundation\apache-maven-3.9.8\lib\jansi-native\Windows\x86_64\jansi.dll
Event: 0.562 Loaded shared library C:\Program Files\Java\jdk-19\bin\verify.dll

Deoptimization events (20 events):
Event: 0.905 Thread 0x0000016960bb4930 DEOPT PACKING pc=0x0000016971edd1ac sp=0x000000152a7fd060
Event: 0.905 Thread 0x0000016960bb4930 DEOPT UNPACKING pc=0x00000169717a6da3 sp=0x000000152a7fcfe8 mode 2
Event: 0.905 Thread 0x0000016960bb4930 Uncommon trap: trap_request=0xffffffde fr.pc=0x0000016971edd1ac relative=0x000000000000010c
Event: 0.905 Thread 0x0000016960bb4930 Uncommon trap: reason=class_check action=maybe_recompile pc=0x0000016971edd1ac method=jdk.internal.misc.Unsafe.allocateUninitializedArray(Ljava/lang/Class;I)Ljava/lang/Object; @ 51 c2
Event: 0.905 Thread 0x0000016960bb4930 DEOPT PACKING pc=0x0000016971edd1ac sp=0x000000152a7fd190
Event: 0.905 Thread 0x0000016960bb4930 DEOPT UNPACKING pc=0x00000169717a6da3 sp=0x000000152a7fd118 mode 2
Event: 0.913 Thread 0x0000016960bb4930 DEOPT PACKING pc=0x000001696a3285e8 sp=0x000000152a7f71e0
Event: 0.913 Thread 0x0000016960bb4930 DEOPT UNPACKING pc=0x00000169717a7543 sp=0x000000152a7f6670 mode 0
Event: 0.943 Thread 0x0000016960bb4930 Uncommon trap: trap_request=0xffffffde fr.pc=0x0000016971ec74d0 relative=0x0000000000000650
Event: 0.943 Thread 0x0000016960bb4930 Uncommon trap: reason=class_check action=maybe_recompile pc=0x0000016971ec74d0 method=java.util.regex.Matcher.search(I)Z @ 121 c2
Event: 0.943 Thread 0x0000016960bb4930 DEOPT PACKING pc=0x0000016971ec74d0 sp=0x000000152a7fe280
Event: 0.943 Thread 0x0000016960bb4930 DEOPT UNPACKING pc=0x00000169717a6da3 sp=0x000000152a7fe250 mode 2
Event: 0.943 Thread 0x0000016960bb4930 Uncommon trap: trap_request=0xffffff76 fr.pc=0x0000016971ec4a5c relative=0x000000000000029c
Event: 0.943 Thread 0x0000016960bb4930 Uncommon trap: reason=predicate action=maybe_recompile pc=0x0000016971ec4a5c method=java.util.regex.Pattern$BmpCharPropertyGreedy.match(Ljava/util/regex/Matcher;ILjava/lang/CharSequence;)Z @ 12 c2
Event: 0.943 Thread 0x0000016960bb4930 DEOPT PACKING pc=0x0000016971ec4a5c sp=0x000000152a7fe040
Event: 0.943 Thread 0x0000016960bb4930 DEOPT UNPACKING pc=0x00000169717a6da3 sp=0x000000152a7fdff8 mode 2
Event: 0.969 Thread 0x0000016960bb4930 Uncommon trap: trap_request=0xffffffde fr.pc=0x0000016971ec74d0 relative=0x0000000000000650
Event: 0.969 Thread 0x0000016960bb4930 Uncommon trap: reason=class_check action=maybe_recompile pc=0x0000016971ec74d0 method=java.util.regex.Matcher.search(I)Z @ 121 c2
Event: 0.969 Thread 0x0000016960bb4930 DEOPT PACKING pc=0x0000016971ec74d0 sp=0x000000152a7fe280
Event: 0.969 Thread 0x0000016960bb4930 DEOPT UNPACKING pc=0x00000169717a6da3 sp=0x000000152a7fe250 mode 2

Classes loaded (20 events):
Event: 0.915 Loading class java/util/concurrent/CancellationException
Event: 0.915 Loading class java/util/concurrent/CancellationException done
Event: 0.916 Loading class java/security/PrivilegedActionException
Event: 0.916 Loading class java/security/PrivilegedActionException done
Event: 0.916 Loading class sun/misc/Unsafe
Event: 0.916 Loading class sun/misc/Unsafe done
Event: 0.917 Loading class java/lang/invoke/DirectMethodHandle$StaticAccessor
Event: 0.917 Loading class java/lang/invoke/DirectMethodHandle$StaticAccessor done
Event: 0.922 Loading class java/lang/reflect/ParameterizedType
Event: 0.922 Loading class java/lang/reflect/ParameterizedType done
Event: 0.924 Loading class java/lang/reflect/WildcardType
Event: 0.924 Loading class java/lang/reflect/WildcardType done
Event: 0.927 Loading class sun/reflect/generics/tree/TypeVariableSignature
Event: 0.927 Loading class sun/reflect/generics/tree/TypeVariableSignature done
Event: 0.939 Loading class java/lang/annotation/IncompleteAnnotationException
Event: 0.939 Loading class java/lang/annotation/IncompleteAnnotationException done
Event: 0.959 Loading class java/lang/foreign/MemorySegment
Event: 0.959 Loading class java/lang/foreign/Addressable
Event: 0.959 Loading class java/lang/foreign/Addressable done
Event: 0.959 Loading class java/lang/foreign/MemorySegment done

Classes unloaded (0 events):
No events

Classes redefined (0 events):
No events

Internal exceptions (20 events):
Event: 0.554 Thread 0x0000016960bb4930 Exception <a 'java/lang/NullPointerException'{0x00000000a7c7d3b0}> (0x00000000a7c7d3b0) 
thrown [s\open\src\hotspot\share\interpreter\linkResolver.cpp, line 1374]
Event: 0.554 Thread 0x0000016960bb4930 Exception <a 'java/lang/NullPointerException'{0x00000000a7c7d690}> (0x00000000a7c7d690) 
thrown [s\open\src\hotspot\share\interpreter\linkResolver.cpp, line 1374]
Event: 0.554 Thread 0x0000016960bb4930 Exception <a 'java/lang/NullPointerException'{0x00000000a7c7d970}> (0x00000000a7c7d970) 
thrown [s\open\src\hotspot\share\interpreter\linkResolver.cpp, line 1374]
Event: 0.554 Thread 0x0000016960bb4930 Exception <a 'java/lang/NullPointerException'{0x00000000a7c83818}> (0x00000000a7c83818) 
thrown [s\open\src\hotspot\share\interpreter\linkResolver.cpp, line 1374]
Event: 0.556 Thread 0x0000016960bb4930 Exception <a 'java/lang/NullPointerException'{0x00000000a7c96db8}> (0x00000000a7c96db8) 
thrown [s\open\src\hotspot\share\interpreter\linkResolver.cpp, line 1374]
Event: 0.556 Thread 0x0000016960bb4930 Exception <a 'java/lang/NullPointerException'{0x00000000a7c97098}> (0x00000000a7c97098) 
thrown [s\open\src\hotspot\share\interpreter\linkResolver.cpp, line 1374]
Event: 0.556 Thread 0x0000016960bb4930 Exception <a 'java/lang/NullPointerException'{0x00000000a7c97378}> (0x00000000a7c97378) 
thrown [s\open\src\hotspot\share\interpreter\linkResolver.cpp, line 1374]
Event: 0.556 Thread 0x0000016960bb4930 Exception <a 'java/lang/NullPointerException'{0x00000000a7c97658}> (0x00000000a7c97658) 
thrown [s\open\src\hotspot\share\interpreter\linkResolver.cpp, line 1374]
Event: 0.568 Thread 0x0000016960bb4930 Exception <a 'java/lang/NoSuchMethodError'{0x00000000a7b0f618}: 'void java.lang.invoke.DirectMethodHandle$Holder.invokeStatic(java.lang.Object, java.lang.Object)'> (0x00000000a7b0f618) 
thrown [s\open\src\hotspot\share\interpreter\linkResolver.cpp, line 774]
Event: 0.569 Thread 0x0000016960bb4930 Exception <a 'java/lang/NoSuchMethodError'{0x00000000a7b12c88}: 'void java.lang.invoke.DirectMethodHandle$Holder.invokeStaticInit(java.lang.Object, java.lang.Object)'> (0x00000000a7b12c88) 
thrown [s\open\src\hotspot\share\interpreter\linkResolver.cpp, line 774]
Event: 0.585 Thread 0x0000016960bb4930 Exception <a 'java/lang/NoSuchMethodError'{0x00000000a7b5a0e0}: 'void java.lang.invoke.DirectMethodHandle$Holder.invokeStatic(java.lang.Object, java.lang.Object, java.lang.Object)'> (0x00000000a7b5a0e0) 
thrown [s\open\src\hotspot\share\interpreter\linkResolver.cpp, line 774]
Event: 0.642 Thread 0x0000016960bb4930 Exception <a 'java/lang/NoSuchMethodError'{0x00000000a794ba48}: 'java.lang.Object java.lang.invoke.DirectMethodHandle$Holder.invokeSpecialIFC(java.lang.Object, java.lang.Object, java.lang.Object, java.lang.Object)'> (0x00000000a794ba48) 
thrown [s\open\src\hotspot\share\interpreter\linkResolver.cpp, line 774]
Event: 0.809 Thread 0x0000016960bb4930 Exception <a 'java/lang/NoSuchMethodError'{0x00000000a73d9ba8}: 'void java.lang.invoke.DirectMethodHandle$Holder.invokeSpecial(java.lang.Object, java.lang.Object, java.lang.Object)'> (0x00000000a73d9ba8) 
thrown [s\open\src\hotspot\share\interpreter\linkResolver.cpp, line 774]
Event: 0.842 Thread 0x0000016960bb4930 Exception <a 'java/lang/NoSuchMethodError'{0x00000000a712afb0}: 'java.lang.Object java.lang.invoke.DirectMethodHandle$Holder.invokeInterface(java.lang.Object, java.lang.Object)'> (0x00000000a712afb0) 
thrown [s\open\src\hotspot\share\interpreter\linkResolver.cpp, line 774]
Event: 0.856 Thread 0x0000016960bb4930 Exception <a 'java/lang/NoSuchMethodError'{0x00000000a71c9ca0}: 'int java.lang.invoke.DirectMethodHandle$Holder.invokeStatic(java.lang.Object, java.lang.Object, java.lang.Object, java.lang.Object)'> (0x00000000a71c9ca0) 
thrown [s\open\src\hotspot\share\interpreter\linkResolver.cpp, line 774]
Event: 0.857 Thread 0x0000016960bb4930 Exception <a 'java/lang/NoSuchMethodError'{0x00000000a71cd5e0}: 'java.lang.Object java.lang.invoke.Invokers$Holder.invokeExact_MT(java.lang.Object, java.lang.Object, java.lang.Object, java.lang.Object, java.lang.Object, java.lang.Object)'> (0x00000000a71cd5e0) 
thrown [s\open\src\hotspot\share\interpreter\linkResolver.cpp, line 774]
Event: 0.858 Thread 0x0000016960bb4930 Exception <a 'java/lang/NoSuchMethodError'{0x00000000a71de648}: 'int java.lang.invoke.DirectMethodHandle$Holder.invokeSpecialIFC(java.lang.Object, java.lang.Object, java.lang.Object, java.lang.Object, java.lang.Object)'> (0x00000000a71de648) 
thrown [s\open\src\hotspot\share\interpreter\linkResolver.cpp, line 774]
Event: 0.906 Thread 0x0000016960bb4930 Exception <a 'java/lang/NoSuchMethodError'{0x00000000a6f714c0}: 'java.lang.Object java.lang.invoke.DirectMethodHandle$Holder.newInvokeSpecial(java.lang.Object, java.lang.Object, java.lang.Object, java.lang.Object, java.lang.Object)'> (0x00000000a6f714c0) 
thrown [s\open\src\hotspot\share\interpreter\linkResolver.cpp, line 774]
Event: 0.932 Thread 0x0000016960bb4930 Exception <a 'java/lang/NoSuchMethodError'{0x00000000a6e74c88}: 'int java.lang.invoke.DirectMethodHandle$Holder.invokeStaticInit(java.lang.Object, java.lang.Object)'> (0x00000000a6e74c88) 
thrown [s\open\src\hotspot\share\interpreter\linkResolver.cpp, line 774]
Event: 0.939 Thread 0x0000016960bb4930 Exception <a 'java/lang/NoClassDefFoundError'{0x00000000a6eab6c8}: javax/enterprise/inject/Typed> (0x00000000a6eab6c8) 
thrown [s\open\src\hotspot\share\classfile\systemDictionary.cpp, line 244]

VM Operations (11 events):
Event: 0.384 Executing VM operation: HandshakeAllThreads
Event: 0.384 Executing VM operation: HandshakeAllThreads done
Event: 0.541 Executing VM operation: HandshakeAllThreads
Event: 0.541 Executing VM operation: HandshakeAllThreads done
Event: 0.551 Executing VM operation: HandshakeAllThreads
Event: 0.551 Executing VM operation: HandshakeAllThreads done
Event: 0.654 Executing VM operation: HandshakeAllThreads
Event: 0.654 Executing VM operation: HandshakeAllThreads done
Event: 0.947 Executing VM operation: ICBufferFull
Event: 0.948 Executing VM operation: ICBufferFull done
Event: 0.977 Executing VM operation: G1CollectForAllocation

Events (17 events):
Event: 0.226 Thread 0x0000016960bb4930 Thread added: 0x0000016960bb4930
Event: 0.307 Thread 0x0000016900b474b0 Thread added: 0x0000016900b474b0
Event: 0.307 Thread 0x0000016900b482a0 Thread added: 0x0000016900b482a0
Event: 0.310 Thread 0x0000016900b50650 Thread added: 0x0000016900b50650
Event: 0.310 Thread 0x0000016900b51f90 Thread added: 0x0000016900b51f90
Event: 0.310 Thread 0x0000016900b52cd0 Thread added: 0x0000016900b52cd0
Event: 0.310 Thread 0x0000016900b56b00 Thread added: 0x0000016900b56b00
Event: 0.310 Thread 0x0000016900b62790 Thread added: 0x0000016900b62790
Event: 0.310 Thread 0x0000016900b63100 Thread added: 0x0000016900b63100
Event: 0.310 Thread 0x0000016900b65a80 Thread added: 0x0000016900b65a80
Event: 0.351 Thread 0x0000016904ddf5a0 Thread added: 0x0000016904ddf5a0
Event: 0.354 Thread 0x0000016904df2d90 Thread added: 0x0000016904df2d90
Event: 0.367 Thread 0x0000016904e18b80 Thread added: 0x0000016904e18b80
Event: 0.545 Thread 0x0000016905037650 Thread added: 0x0000016905037650
Event: 0.665 Thread 0x00000169052ebea0 Thread added: 0x00000169052ebea0
Event: 0.683 Thread 0x0000016905315650 Thread added: 0x0000016905315650
Event: 0.684 Thread 0x000001690531a620 Thread added: 0x000001690531a620


Dynamic libraries:
0x00007ff643d40000 - 0x00007ff643d50000 	C:\Program Files\Java\jdk-19\bin\java.exe
0x00007ffc17b30000 - 0x00007ffc17d47000 	C:\WINDOWS\SYSTEM32\ntdll.dll
0x00007ffc16110000 - 0x00007ffc161d4000 	C:\WINDOWS\System32\KERNEL32.DLL
0x00007ffc152d0000 - 0x00007ffc156a3000 	C:\WINDOWS\System32\KERNELBASE.dll
0x00007ffc156b0000 - 0x00007ffc157c1000 	C:\WINDOWS\System32\ucrtbase.dll
0x00007ffbeaa90000 - 0x00007ffbeaaa8000 	C:\Program Files\Java\jdk-19\bin\jli.dll
0x00007ffbeaa70000 - 0x00007ffbeaa8b000 	C:\Program Files\Java\jdk-19\bin\VCRUNTIME140.dll
0x00007ffc16410000 - 0x00007ffc164c1000 	C:\WINDOWS\System32\ADVAPI32.dll
0x00007ffc15870000 - 0x00007ffc15917000 	C:\WINDOWS\System32\msvcrt.dll
0x00007ffc16690000 - 0x00007ffc16738000 	C:\WINDOWS\System32\sechost.dll
0x00007ffc15180000 - 0x00007ffc151a8000 	C:\WINDOWS\System32\bcrypt.dll
0x00007ffc159b0000 - 0x00007ffc15ac4000 	C:\WINDOWS\System32\RPCRT4.dll
0x00007ffc16cf0000 - 0x00007ffc16ea1000 	C:\WINDOWS\System32\USER32.dll
0x00007ffc14c40000 - 0x00007ffc14c66000 	C:\WINDOWS\System32\win32u.dll
0x00007ffc157d0000 - 0x00007ffc157f9000 	C:\WINDOWS\System32\GDI32.dll
0x00007ffc14c70000 - 0x00007ffc14d8b000 	C:\WINDOWS\System32\gdi32full.dll
0x00007ffc15230000 - 0x00007ffc152ca000 	C:\WINDOWS\System32\msvcp_win.dll
0x00007ffc13f10000 - 0x00007ffc141a8000 	C:\WINDOWS\WinSxS\amd64_microsoft.windows.common-controls_6595b64144ccf1df_6.0.22621.5124_none_270e8f4f7386d69d\COMCTL32.dll
0x00007ffc11120000 - 0x00007ffc1112a000 	C:\WINDOWS\SYSTEM32\VERSION.dll
0x00007ffc16740000 - 0x00007ffc16771000 	C:\WINDOWS\System32\IMM32.DLL
0x00007ffbfb710000 - 0x00007ffbfb71c000 	C:\Program Files\Java\jdk-19\bin\vcruntime140_1.dll
0x00007ffbdf9d0000 - 0x00007ffbdfa5e000 	C:\Program Files\Java\jdk-19\bin\msvcp140.dll
0x00007ffbcd5f0000 - 0x00007ffbce2b0000 	C:\Program Files\Java\jdk-19\bin\server\jvm.dll
0x00007ffc0fed0000 - 0x00007ffc0ff04000 	C:\WINDOWS\SYSTEM32\WINMM.dll
0x00007ffbfa010000 - 0x00007ffbfa019000 	C:\WINDOWS\SYSTEM32\WSOCK32.dll
0x00007ffc164d0000 - 0x00007ffc16541000 	C:\WINDOWS\System32\ws2_32.DLL
0x00007ffc12d10000 - 0x00007ffc12d28000 	C:\WINDOWS\SYSTEM32\kernel.appcore.dll
0x00007ffbea8d0000 - 0x00007ffbea8da000 	C:\Program Files\Java\jdk-19\bin\jimage.dll
0x00007ffc144c0000 - 0x00007ffc146f2000 	C:\WINDOWS\SYSTEM32\DBGHELP.DLL
0x00007ffc16790000 - 0x00007ffc16b22000 	C:\WINDOWS\System32\combase.dll
0x00007ffc178f0000 - 0x00007ffc179c7000 	C:\WINDOWS\System32\OLEAUT32.dll
0x00007ffc143a0000 - 0x00007ffc143d2000 	C:\WINDOWS\SYSTEM32\dbgcore.DLL
0x00007ffc151b0000 - 0x00007ffc1522b000 	C:\WINDOWS\System32\bcryptPrimitives.dll
0x00007ffbe02b0000 - 0x00007ffbe02d6000 	C:\Program Files\Java\jdk-19\bin\java.dll
0x00007ffbdf8f0000 - 0x00007ffbdf9c7000 	C:\Program Files\Java\jdk-19\bin\jsvml.dll
0x00007ffc16eb0000 - 0x00007ffc17746000 	C:\WINDOWS\System32\SHELL32.dll
0x00007ffc15040000 - 0x00007ffc1517f000 	C:\WINDOWS\System32\wintypes.dll
0x00007ffc11bf0000 - 0x00007ffc1250a000 	C:\WINDOWS\SYSTEM32\windows.storage.dll
0x00007ffc16580000 - 0x00007ffc1668a000 	C:\WINDOWS\System32\SHCORE.dll
0x00007ffc17a80000 - 0x00007ffc17ae3000 	C:\WINDOWS\System32\shlwapi.dll
0x00007ffc14b70000 - 0x00007ffc14b9b000 	C:\WINDOWS\SYSTEM32\profapi.dll
0x00007ffbe4d00000 - 0x00007ffbe4d13000 	C:\Program Files\Java\jdk-19\bin\net.dll
0x00007ffc0fda0000 - 0x00007ffc0fecc000 	C:\WINDOWS\SYSTEM32\WINHTTP.dll
0x00007ffc13140000 - 0x00007ffc131aa000 	C:\WINDOWS\system32\mswsock.dll
0x00007ffbe0470000 - 0x00007ffbe0486000 	C:\Program Files\Java\jdk-19\bin\nio.dll
0x00007ffbe0290000 - 0x00007ffbe02a8000 	C:\Program Files\Java\jdk-19\bin\zip.dll
0x00007ffbe0110000 - 0x00007ffbe0134000 	C:\Program Files\Apache Software Foundation\apache-maven-3.9.8\lib\jansi-native\Windows\x86_64\jansi.dll
0x00007ffbe9aa0000 - 0x00007ffbe9ab0000 	C:\Program Files\Java\jdk-19\bin\verify.dll

dbghelp: loaded successfully - version: 4.0.5 - missing functions: none
symbol engine: initialized successfully - sym options: 0x614 - pdb path: .;C:\Program Files\Java\jdk-19\bin;C:\WINDOWS\SYSTEM32;C:\WINDOWS\WinSxS\amd64_microsoft.windows.common-controls_6595b64144ccf1df_6.0.22621.5124_none_270e8f4f7386d69d;C:\Program Files\Java\jdk-19\bin\server;C:\Program Files\Apache Software Foundation\apache-maven-3.9.8\lib\jansi-native\Windows\x86_64

VM Arguments:
jvm_args: -Dclassworlds.conf=C:\Program Files\Apache Software Foundation\apache-maven-3.9.8\bin\m2.conf -Dmaven.home=C:\Program Files\Apache Software Foundation\apache-maven-3.9.8 -Dlibrary.jansi.path=C:\Program Files\Apache Software Foundation\apache-maven-3.9.8\lib\jansi-native -Dmaven.multiModuleProjectDirectory=F:\Learning\REPOs\TODO\User-Service 
java_command: org.codehaus.plexus.classworlds.launcher.Launcher clean package -DskipTests
java_class_path (initial): C:\Program Files\Apache Software Foundation\apache-maven-3.9.8\boot\plexus-classworlds-2.8.0.jar
Launcher Type: SUN_STANDARD

[Global flags]
     intx CICompilerCount                          = 12                                        {product} {ergonomic}
     uint ConcGCThreads                            = 3                                         {product} {ergonomic}
     uint G1ConcRefinementThreads                  = 13                                        {product} {ergonomic}
   size_t G1HeapRegionSize                         = 1048576                                   {product} {ergonomic}
    uintx GCDrainStackTargetSize                   = 64                                        {product} {ergonomic}
   size_t InitialHeapSize                          = 98566144                                  {product} {ergonomic}
   size_t MarkStackSize                            = 4194304                                   {product} {ergonomic}
   size_t MaxHeapSize                              = 1572864000                                {product} {ergonomic}
   size_t MaxNewSize                               = 943718400                                 {product} {ergonomic}
   size_t MinHeapDeltaBytes                        = 1048576                                   {product} {ergonomic}
   size_t MinHeapSize                              = 8388608                                   {product} {ergonomic}
    uintx NonNMethodCodeHeapSize                   = 7602480                                {pd product} {ergonomic}
    uintx NonProfiledCodeHeapSize                  = 122027880                              {pd product} {ergonomic}
    uintx ProfiledCodeHeapSize                     = 122027880                              {pd product} {ergonomic}
    uintx ReservedCodeCacheSize                    = 251658240                              {pd product} {ergonomic}
     bool SegmentedCodeCache                       = true                                      {product} {ergonomic}
   size_t SoftMaxHeapSize                          = 1572864000                             {manageable} {ergonomic}
     bool UseCompressedClassPointers               = true                           {product lp64_product} {ergonomic}
     bool UseCompressedOops                        = true                           {product lp64_product} {ergonomic}
     bool UseG1GC                                  = true                                      {product} {ergonomic}
     bool UseLargePagesIndividualAllocation        = false                                  {pd product} {ergonomic}

Logging:
Log output configuration:
 #0: stdout all=warning uptime,level,tags foldmultilines=false
 #1: stderr all=off uptime,level,tags foldmultilines=false

Environment Variables:
JAVA_HOME=C:\Program Files\Java\jdk-19
PATH=C:\Program Files\Microsoft MPI\Bin\;C:\Program Files\Common Files\Oracle\Java\javapath;C:\Program Files (x86)\Common Files\Oracle\Java\java8path;C:\Program Files (x86)\Common Files\Oracle\Java\javapath;C:\WINDOWS\system32;C:\WINDOWS;C:\WINDOWS\System32\Wbem;C:\WINDOWS\System32\WindowsPowerShell\v1.0\;C:\WINDOWS\System32\OpenSSH\;F:\nodejs\;\Users\pc\AppData\Local\Pub\Cache\bin;F:\Flutter;C:\Users\pc\AppData\Roaming\npm;C:\Program Files\Git\cmd;C:\Program Files (x86)\Microsoft SQL Server\160\Tools\Binn\;C:\Program Files\Microsoft SQL Server\160\Tools\Binn\;C:\Program Files\Microsoft SQL Server\Client SDK\ODBC\170\Tools\Binn\;C:\Program Files\Microsoft SQL Server\160\DTS\Binn\;C:\Program Files\Apache Software Foundation\apache-maven-3.9.8\bin;C:\Program Files\Microsoft MPI\Bin;C:\Program Files\Java\javacc-6.0.1\bin;C:\Program Files\Java\jre-1.8\bin;;C:\Program Files\Cloudflare\Cloudflare WARP\;C:\Program Files\Docker\Docker\resources\bin;F:\nodejs\;C:\Users\pc\AppData\Local\Programs\Python\Launcher\;C:\Users\pc\AppData\Local\Microsoft\WindowsApps;C:\Users\pc\AppData\Local\Programs\Microsoft VS Code\bin;C:\Program Files\JetBrains\IntelliJ IDEA 2022.3.2\bin;C:\Users\pc\AppData\Local\Android\Sdk\platform-tools;F:\dart-sdk\bin;F:\src\flutter\bin;C:\Users\pc\AppData\Roaming\npm;\Users\pc\AppData\Local\Pub\Cache\bin;F:\Flutter;C:\Users\pc\AppData\Local\JetBrains\Toolbox\scripts;C:\Program Files\Java\jdk-19\bin;C:\Users\pc\AppData\Local\Microsoft\WindowsApps;C:\Program Files\Docker\Docker\Resources\bin;
USERNAME=pc
OS=Windows_NT
PROCESSOR_IDENTIFIER=AMD64 Family 25 Model 80 Stepping 0, AuthenticAMD
TMP=C:\Users\pc\AppData\Local\Temp
TEMP=C:\Users\pc\AppData\Local\Temp



---------------  S Y S T E M  ---------------

OS:
 Windows 11 , 64 bit Build 22621 (10.0.22621.5124)
OS uptime: 0 days 0:48 hours
Hyper-V role detected

CPU: total 16 (initial active 16) (16 cores per cpu, 2 threads per core) family 25 model 80 stepping 0 microcode 0x0, cx8, cmov, fxsr, ht, mmx, 3dnowpref, sse, sse2, sse3, ssse3, sse4a, sse4.1, sse4.2, popcnt, lzcnt, tsc, tscinvbit, avx, avx2, aes, erms, clmul, bmi1, bmi2, adx, sha, fma, vzeroupper, clflush, clflushopt, hv, rdtscp, rdpid, fsrm

Memory: 4k page, system-wide physical 5996M (421M free)
TotalPageFile size 24428M (AvailPageFile size 3M)
current process WorkingSet (physical memory assigned to process): 82M, peak: 82M
current process commit charge ("private bytes"): 207M, peak: 208M

vm_info: Java HotSpot(TM) 64-Bit Server VM (19.0.2+7-44) for windows-amd64 JRE (19.0.2+7-44), built on 2022-11-30T18:02:09Z by "mach5one" with MS VC++ 17.1 (VS2022)

END.
